7887596674         1409061072
7887596856         1409061075
7887606197         1409061182
7887610775         1409061242
7887617172         1409061303
7887621814         1409061362
7887625833         1409061422
7887631567         1409061482
7887638186         1409061542
7887641630         1409061602
7887645253         1409061663
7887650129         1409061722
7887655344         1409061782
7887659784         1409061843
7887662752         1409061902
7887668279         1409061962
7887673704         1409062022
7887680676         1409062083
7887683491         1409062142
7887687146         1409062203
7887692896         1409062262
7887696808         1409062322
7887701249         1409062382
7887705319         1409062443
7887708542         1409062502
7887711853         1409062562
7887716074         1409062622
7887719101         1409062682
7887723322         1409062742
7887727128         1409062802
7887731879         1409062862
7887739410         1409062922
7887745120         1409062983
7887750808         1409063042
7887757648         1409063102
7887764979         1409063163
7887771127         1409063282
7887777422         1409063342
7887783082         1409063402
7887786911         1409063463
7887790877         1409063522
7887795835         1409063583
7887799378         1409063642
7887803148         1409063702
7887806587         1409063763
7887810965         1409063822
7887771127         1409063282
7887777422         1409063342
7887783082         1409063402
7887786911         1409063463
7887790877         1409063522
7887795835         1409063583
7887799378         1409063642
7887803148         1409063702
7887806587         1409063763
7887810965         1409063822
7887816641         1409063882
7887822515         1409063942
7887827724         1409064002
7887831468         1409064063
7887836797         1409064122
7888471553         1409073302
7888475128         1409073362
7888479098         1409073423
7888484026         1409073482
7888486996         1409073543
7888491261         1409073603
7888495307         1409073662
7888498147         1409073723
7888503375         1409073782
7888507146         1409073842
7888513727         1409073920
7888516063         1409073962
7888517960         1409074022
7888521780         1409074083
7888527592         1409074142
7888530890         1409074202
7888534585         1409074263
7888539246         1409074322
7888543725         1409074382
7888550101         1409074443
7888553333         1409074502
7888557411         1409074562
7888562360         1409074622
7888565659         1409074682
7888571121         1409074743
7888574531         1409074802
7888577005         1409074863
7888581757         1409074922
7888585359         1409074983
7888588204         1409075042
7888591465         1409075102
7888594404         1409075163
7888596406         1409075222
7888598379         1409075282
7888602949         1409075342
7888606040         1409075402
7888608122         1409075463
7888611751         1409075522
7888615833         1409075582
7888619307         1409075643
7888623309         1409075702
7888627128         1409075763
7888629383         1409075822
7888634134         1409075882
7888637032         1409075943
7888639608         1409076002
7888642502         1409076063
7888644307         1409076121
7888646619         1409076183
7888651116         1409076242
7888653346         1409076303
7888657211         1409076362
7888660279         1409076422
7888663818         1409076483
7888666483         1409076542
7888669182         1409076602
7888674102         1409076662
7888677963         1409076723
7888679168         1409076782
7888680673         1409076842
7888684399         1409076903
7888687604         1409076962
7888692125         1409077022
7888695886         1409077083
7888698631         1409077142
7888702144         1409077202
7888706192         1409077262
7888709676         1409077322
7888714480         1409077382
7888717871         1409077443
7888721649         1409077502
7888727260         1409077562
7888731555         1409077622
7888733822         1409077683
7888737544         1409077742
7888742106         1409077802
7888744910         1409077863
7888746456         1409077922
7888751367         1409077982
7888754301         1409078043
7888756356         1409078102
7888760510         1409078163
7888766077         1409078222
7888769158         1409078282
7888771521         1409078343
7888776666         1409078402
7888778561         1409078463
7888781546         1409078522
7888786115         1409078582
7888790254         1409078643
7888794057         1409078702
7888796696         1409078762
7888799664         1409078822
7888803992         1409078882
7888808900         1409078942
7888813461         1409079002
7888816525         1409079062
7888819751         1409079122
7888824121         1409079183
7888829054         1409079257
7888831092         1409079302
7888833792         1409079362
7888838930         1409079423
7888842399         1409079482
7888848098         1409079542
7888851552         1409079603
7888854166         1409079662
7888859665         1409079723
7888863568         1409079782
7888866018         1409079842
7888869715         1409079902
7888875624         1409079963
7888881058         1409080022
7888884064         1409080083
7888887668         1409080142
7888893234         1409080202
7888896553         1409080262
7888901620         1409080323
7888907136         1409080386
7888909155         1409080442
7888913337         1409080503
7888918239         1409080562
7888922457         1409080623
7888925094         1409080683
7888930049         1409080742
7888934369         1409080802
7888936971         1409080863
7888939872         1409080922
7888946120         1409080982
7888951238         1409081042
7888955821         1409081103
7888960671         1409081162
7888964290         1409081223
7888968474         1409081282
7888971507         1409081342
7888977491         1409081402
7888982613         1409081462
7888987478         1409081522
7888993445         1409081582
7888998090         1409081642
7889002821         1409081701
7889009334         1409081761
7889013999         1409081821
7889018205         1409081881
7889024622         1409081941
7889029588         1409082001
7889035121         1409082062
7889038735         1409082121
7889042857         1409082181
7889048952         1409082241
7889055106         1409082301
7889059849         1409082361
7889063675         1409082421
7889069261         1409082481
7889076978         1409082541
7889081346         1409082601
7889085126         1409082661
7889091854         1409082721
7889097369         1409082781
7889102082         1409082841
7889106932         1409082901
7889113475         1409082961
7889119196         1409083021
7889123564         1409083081
7889128217         1409083141
7889134678         1409083201
7889140720         1409083261
7889148173         1409083321
7889154687         1409083381
7889160744         1409083441
7889166236         1409083501
7889170207         1409083561
7889175138         1409083621
7889183354         1409083681
7889188716         1409083742
7889193403         1409083801
7889199950         1409083861
7889204626         1409083921
7889208613         1409083981
7889216063         1409084041
7889220908         1409084101
7889223965         1409084161
7889229767         1409084221
7889234417         1409084281
7889240600         1409084341
7889244746         1409084401
7889249373         1409084461
7889253601         1409084521
7889258615         1409084581
7889266274         1409084641
7889271316         1409084701
7889275124         1409084761
7889279984         1409084821
7889288131         1409084881
7889294621         1409084941
7889299907         1409085001
7889304573         1409085061
7889309178         1409085121
7889316398         1409085182
7889323208         1409085241
7889327674         1409085301
7889332687         1409085361
7889338946         1409085421
7889345165         1409085481
7889351797         1409085541
7889357757         1409085601
7889361948         1409085661
7889367768         1409085721
7889372064         1409085781
7889378466         1409085841
7889383450         1409085901
7889389771         1409085961
7889398431         1409086021
7889403166         1409086081
7889408053         1409086141
7889412481         1409086201
7889418384         1409086261
7889424761         1409086321
7889429121         1409086381
7889433752         1409086441
7889438113         1409086501
7889441832         1409086561
7889445002         1409086621
7889449750         1409086681
7889455232         1409086741
7889459571         1409086801
7889467047         1409086861
7889470645         1409086921
7889475512         1409086981
7889480274         1409087042
7889484086         1409087101
7889488591         1409087161
7889493962         1409087221
7889498597         1409087281
7889502060         1409087341
7889506029         1409087401
7889509035         1409087461
7889512859         1409087521
7889516652         1409087581
7889521227         1409087641
7889527002         1409087701
7889530919         1409087761
7889536789         1409087821
7889539279         1409087881
7889545099         1409087941
7889549136         1409088001
7889554406         1409088061
7889558306         1409088121
7889562102         1409088181
7889567785         1409088241
7889571953         1409088301
7889577386         1409088361
7889580325         1409088421
7889584594         1409088481
7889590105         1409088541
7889593560         1409088601
7889599234         1409088661
7889603539         1409088721
7889607438         1409088781
7889612599         1409088841
7889617238         1409088901
7889623400         1409088961
7889626803         1409089021
7889629669         1409089081
7889633520         1409089141
7889638582         1409089201
7889640245         1409089261
7889642479         1409089321
7889645221         1409089381
7889648349         1409089441
7889653877         1409089501
7889659188         1409089561
7889661836         1409089621
7889668078         1409089681
7889674614         1409089741
7889679778         1409089801
7889685830         1409089861
7889691973         1409089921
7889694688         1409089981
7889700475         1409090041
7889705357         1409090101
7889709031         1409090161
7889714910         1409090221
7889717345         1409090281
7889721233         1409090341
7889727359         1409090401
7889731350         1409090461
7889735362         1409090521
7889742095         1409090581
7889746664         1409090641
7889751697         1409090701
7889756228         1409090761
7889761483         1409090821
7889766674         1409090881
7889769454         1409090941
7889773920         1409091001
7889778724         1409091061
7889782414         1409091121
7889785969         1409091181
7889789701         1409091241
7889794850         1409091301
7889798913         1409091361
7889802289         1409091421
7889806941         1409091481
7889811663         1409091541
7889815072         1409091601
7889820690         1409091661
7889823369         1409091721
7889826600         1409091781
7889831242         1409091841
7889833470         1409091901
7889837515         1409091961
7889841187         1409092021
7889847842         1409092081
7889854000         1409092141
7889857737         1409092201
7889862598         1409092261
7889866233         1409092321
7889871135         1409092381
7889877377         1409092441
7889881636         1409092501
7889887242         1409092561
7889891750         1409092621
7889895755         1409092681
7889899737         1409092741
7889903045         1409092801
7889907155         1409092861
7889912119         1409092921
7889916921         1409092981
7889919864         1409093041
7889923182         1409093101
7889928542         1409093161
7889934534         1409093221
7889940031         1409093281
7889944776         1409093341
7889949427         1409093401
7889955200         1409093461
7889960456         1409093521
7889963914         1409093581
7889967931         1409093641
7889973405         1409093701
7889978798         1409093761
7889982312         1409093821
7889985555         1409093882
7889989751         1409093941
7889995508         1409094001
7889999402         1409094061
7890004127         1409094121
7890010118         1409094181
7890014159         1409094241
7890020632         1409094301
7890024053         1409094361
7890026932         1409094421
7890030327         1409094481
7890035417         1409094541
7890039393         1409094601
7890044241         1409094661
7890046983         1409094721
7890051651         1409094781
7890054970         1409094841
7890058426         1409094901
7890063279         1409094961
7890067875         1409095021
7890073829         1409095081
7890078110         1409095141
7890084755         1409095201
7890087650         1409095261
7890094353         1409095321
7890098147         1409095381
7890102719         1409095441
7890107682         1409095502
7890112218         1409095561
7890116259         1409095621
7890120969         1409095681
7890126563         1409095741
7890128938         1409095801
7890134229         1409095861
7890139504         1409095921
7890144330         1409095981
7890148861         1409096041
7890153133         1409096101
7890155983         1409096161
7890160132         1409096221
7890164046         1409096281
7890168547         1409096341
7890170890         1409096401
7890171759         1409096461
7890177210         1409096521
7890180653         1409096581
7890183892         1409096641
7890187584         1409096701
7890191418         1409096761
7890194191         1409096821
7890198369         1409096881
7890202787         1409096941
7890206888         1409097001
7890212851         1409097061
7890218134         1409097121
7890223617         1409097182
7890227774         1409097241
7890232631         1409097301
7890237298         1409097361
7890241409         1409097421
7890245571         1409097481
7890250563         1409097541
7890253345         1409097601
7890255936         1409097661
7890259274         1409097721
7890264977         1409097781
7890270184         1409097841
7890274700         1409097901
7890277638         1409097961
7890281754         1409098021
7890287229         1409098081
7890291598         1409098141
7890295639         1409098201
7890298952         1409098261
7890301778         1409098321
7890307401         1409098381
7890311921         1409098441
7890314226         1409098502
7890316888         1409098561
7890321757         1409098621
7890326687         1409098681
7890329249         1409098741
7890332166         1409098801
7890336318         1409098861
7890341974         1409098921
7890346335         1409098981
7890350709         1409099041
7890354139         1409099101
7890358950         1409099161
7890364952         1409099221
7890368900         1409099281
7890372268         1409099341
7890378041         1409099401
7890383706         1409099461
7890389571         1409099521
7890392869         1409099581
7890396741         1409099641
7890403939         1409099701
7890408093         1409099761
7890413287         1409099821
7890418255         1409099881
7890423808         1409099941
7890430488         1409100001
7890434373         1409100061
7890439011         1409100121
7890443386         1409100182
7890449457         1409100241
7890454826         1409100301
7890459831         1409100361
7890464460         1409100421
7890467430         1409100481
7890471940         1409100541
7890477987         1409100601
7890480698         1409100661
7890483247         1409100721
7890489223         1409100781
7890494226         1409100841
7890497505         1409100901
7890501598         1409100961
7890508369         1409101021
7890514000         1409101081
7890518365         1409101141
7890525658         1409101201
7890536951	1409101382
7890542296	1409101441
7890547939	1409101501
7890551566	1409101562
7890555180	1409101622
7890561871	1409101682
7890565448	1409101742
7890568761	1409101801
7890574133	1409101861
7890577144	1409101921
7890582504	1409101982
7890589005	1409102042
7890595038	1409102101
7890597506	1409102161
7890601545	1409102221
7890609689	1409102282
7890615233	1409102341
7890620173	1409102401
7890625445	1409102467
7890632710	1409102521
7890637400	1409102582
7890639828	1409102641
7890643030	1409102702
7890648256	1409102761
7893318917 1409140921
7893323872 1409140981
7893328671 1409141043
7893333179 1409141101
7893336590 1409141162
7893339662 1409141221
